<?xml version="1.0" encoding="UTF-8"?>
<!-- Generated by org.testng.reporters.JUnitXMLReporter -->
<testsuite hostname="Sanjay" ignored="0" name="Command line test" tests="1" failures="1" timestamp="2021-05-31T00:38:29 IST" time="0.069" errors="0">
  <testcase name="sampleJenkinsTest" time="0.0" classname="sampleJenkinsProject.JenkinsTest">
    <failure type="org.testng.TestNGException" message="
Parameter &amp;apos;url&amp;apos; is required by @Test on method sampleJenkinsTest but has not been marked @Optional or defined
">
      <![CDATA[org.testng.TestNGException: 
Parameter 'url' is required by @Test on method sampleJenkinsTest but has not been marked @Optional or defined

at java.util.ArrayList.forEach(ArrayList.java:1257)
... Removed 35 stack frames]]>
    </failure>
  </testcase> <!-- sampleJenkinsTest -->
</testsuite> <!-- Command line test -->
